\BOOKMARK [0][-]{chapter.1}{\376\377\0001\000\040\000F\000i\000l\000e\000\040\000I\000n\000d\000e\000x}{}% 1
\BOOKMARK [1][-]{section.1.1}{\376\377\0001\000.\0001\000\040\000F\000i\000l\000e\000\040\000L\000i\000s\000t}{chapter.1}% 2
\BOOKMARK [0][-]{chapter.2}{\376\377\0002\000\040\000F\000i\000l\000e\000\040\000D\000o\000c\000u\000m\000e\000n\000t\000a\000t\000i\000o\000n}{}% 3
\BOOKMARK [1][-]{section.2.1}{\376\377\0002\000.\0001\000\040\000f\000u\000n\000c\000t\000i\000o\000n\000s\000.\000c\000\040\000F\000i\000l\000e\000\040\000R\000e\000f\000e\000r\000e\000n\000c\000e}{chapter.2}% 4
\BOOKMARK [2][-]{subsection.2.1.1}{\376\377\0002\000.\0001\000.\0001\000\040\000D\000e\000t\000a\000i\000l\000e\000d\000\040\000D\000e\000s\000c\000r\000i\000p\000t\000i\000o\000n}{section.2.1}% 5
\BOOKMARK [2][-]{subsection.2.1.2}{\376\377\0002\000.\0001\000.\0002\000\040\000F\000u\000n\000c\000t\000i\000o\000n\000\040\000D\000o\000c\000u\000m\000e\000n\000t\000a\000t\000i\000o\000n}{section.2.1}% 6
\BOOKMARK [3][-]{subsubsection.2.1.2.1}{\376\377\0002\000.\0001\000.\0002\000.\0001\000\040\000a\000l\000l\000o\000c\000a\000t\000e\000\137\0002\000d\000\137\000a\000r\000r\000a\000y\000\050\000\051}{subsection.2.1.2}% 7
\BOOKMARK [3][-]{subsubsection.2.1.2.2}{\376\377\0002\000.\0001\000.\0002\000.\0002\000\040\000c\000a\000l\000c\000u\000l\000a\000t\000e\000\137\000a\000c\000c\000e\000l\000e\000r\000a\000t\000i\000o\000n\000s\000\050\000\051}{subsection.2.1.2}% 8
\BOOKMARK [3][-]{subsubsection.2.1.2.3}{\376\377\0002\000.\0001\000.\0002\000.\0003\000\040\000c\000a\000l\000c\000u\000l\000a\000t\000e\000\137\000d\000i\000s\000t\000a\000n\000c\000e\000s\000\050\000\051}{subsection.2.1.2}% 9
\BOOKMARK [3][-]{subsubsection.2.1.2.4}{\376\377\0002\000.\0001\000.\0002\000.\0004\000\040\000c\000a\000l\000c\000u\000l\000a\000t\000e\000\137\000k\000i\000n\000e\000t\000i\000c\000\137\000e\000n\000e\000r\000g\000y\000\050\000\051}{subsection.2.1.2}% 10
\BOOKMARK [3][-]{subsubsection.2.1.2.5}{\376\377\0002\000.\0001\000.\0002\000.\0005\000\040\000c\000a\000l\000c\000u\000l\000a\000t\000e\000\137\000p\000o\000t\000e\000n\000t\000i\000a\000l\000\137\000e\000n\000e\000r\000g\000y\000\050\000\051}{subsection.2.1.2}% 11
\BOOKMARK [3][-]{subsubsection.2.1.2.6}{\376\377\0002\000.\0001\000.\0002\000.\0006\000\040\000c\000a\000l\000c\000u\000l\000a\000t\000e\000\137\000t\000o\000t\000a\000l\000\137\000e\000n\000e\000r\000g\000y\000\050\000\051}{subsection.2.1.2}% 12
\BOOKMARK [3][-]{subsubsection.2.1.2.7}{\376\377\0002\000.\0001\000.\0002\000.\0007\000\040\000c\000a\000l\000c\000u\000l\000a\000t\000e\000\137\000U\000\050\000\051}{subsection.2.1.2}% 13
\BOOKMARK [3][-]{subsubsection.2.1.2.8}{\376\377\0002\000.\0001\000.\0002\000.\0008\000\040\000c\000h\000e\000c\000k\000\137\000e\000n\000e\000r\000g\000y\000\050\000\051}{subsection.2.1.2}% 14
\BOOKMARK [3][-]{subsubsection.2.1.2.9}{\376\377\0002\000.\0001\000.\0002\000.\0009\000\040\000f\000r\000e\000e\000\137\0002\000d\000\137\000a\000r\000r\000a\000y\000\050\000\051}{subsection.2.1.2}% 15
\BOOKMARK [3][-]{subsubsection.2.1.2.10}{\376\377\0002\000.\0001\000.\0002\000.\0001\0000\000\040\000i\000n\000i\000t\000i\000a\000l\000i\000z\000e\000\137\000v\000e\000l\000o\000c\000i\000t\000i\000e\000s\000\050\000\051}{subsection.2.1.2}% 16
\BOOKMARK [3][-]{subsubsection.2.1.2.11}{\376\377\0002\000.\0001\000.\0002\000.\0001\0001\000\040\000l\000e\000n\000n\000a\000r\000d\000\137\000j\000o\000n\000e\000s\000\137\000p\000o\000t\000e\000n\000t\000i\000a\000l\000\050\000\051}{subsection.2.1.2}% 17
\BOOKMARK [3][-]{subsubsection.2.1.2.12}{\376\377\0002\000.\0001\000.\0002\000.\0001\0002\000\040\000o\000p\000e\000n\000\137\000o\000u\000t\000p\000u\000t\000\050\000\051}{subsection.2.1.2}% 18
\BOOKMARK [3][-]{subsubsection.2.1.2.13}{\376\377\0002\000.\0001\000.\0002\000.\0001\0003\000\040\000p\000r\000i\000n\000t\000\137\000o\000u\000t\000p\000u\000t\000\050\000\051}{subsection.2.1.2}% 19
\BOOKMARK [3][-]{subsubsection.2.1.2.14}{\376\377\0002\000.\0001\000.\0002\000.\0001\0004\000\040\000r\000e\000a\000d\000\137\000c\000o\000o\000r\000d\000s\000\137\000a\000n\000d\000\137\000m\000a\000s\000s\000e\000s\000\050\000\051}{subsection.2.1.2}% 20
\BOOKMARK [3][-]{subsubsection.2.1.2.15}{\376\377\0002\000.\0001\000.\0002\000.\0001\0005\000\040\000r\000e\000a\000d\000\137\000n\000a\000t\000o\000m\000s\000\050\000\051}{subsection.2.1.2}% 21
\BOOKMARK [3][-]{subsubsection.2.1.2.16}{\376\377\0002\000.\0001\000.\0002\000.\0001\0006\000\040\000t\000h\000e\000r\000m\000o\000s\000t\000a\000t\000\050\000\051}{subsection.2.1.2}% 22
\BOOKMARK [3][-]{subsubsection.2.1.2.17}{\376\377\0002\000.\0001\000.\0002\000.\0001\0007\000\040\000u\000p\000d\000a\000t\000e\000\137\000p\000o\000s\000i\000t\000i\000o\000n\000s\000\050\000\051}{subsection.2.1.2}% 23
\BOOKMARK [3][-]{subsubsection.2.1.2.18}{\376\377\0002\000.\0001\000.\0002\000.\0001\0008\000\040\000u\000p\000d\000a\000t\000e\000\137\000v\000e\000l\000o\000c\000i\000t\000i\000e\000s\000\050\000\051}{subsection.2.1.2}% 24
\BOOKMARK [3][-]{subsubsection.2.1.2.19}{\376\377\0002\000.\0001\000.\0002\000.\0001\0009\000\040\000v\000a\000l\000i\000d\000a\000t\000e\000\137\000a\000t\000o\000m\000s\000\050\000\051}{subsection.2.1.2}% 25
\BOOKMARK [1][-]{section.2.2}{\376\377\0002\000.\0002\000\040\000h\000e\000a\000d\000e\000r\000s\000.\000h\000\040\000F\000i\000l\000e\000\040\000R\000e\000f\000e\000r\000e\000n\000c\000e}{chapter.2}% 26
\BOOKMARK [2][-]{subsection.2.2.1}{\376\377\0002\000.\0002\000.\0001\000\040\000D\000e\000t\000a\000i\000l\000e\000d\000\040\000D\000e\000s\000c\000r\000i\000p\000t\000i\000o\000n}{section.2.2}% 27
\BOOKMARK [2][-]{subsection.2.2.2}{\376\377\0002\000.\0002\000.\0002\000\040\000M\000a\000c\000r\000o\000\040\000D\000e\000f\000i\000n\000i\000t\000i\000o\000n\000\040\000D\000o\000c\000u\000m\000e\000n\000t\000a\000t\000i\000o\000n}{section.2.2}% 28
\BOOKMARK [3][-]{subsubsection.2.2.2.1}{\376\377\0002\000.\0002\000.\0002\000.\0001\000\040\000A\000R\000G\000O\000N\000\137\000E\000P\000S\000I\000L\000O\000N}{subsection.2.2.2}% 29
\BOOKMARK [3][-]{subsubsection.2.2.2.2}{\376\377\0002\000.\0002\000.\0002\000.\0002\000\040\000A\000R\000G\000O\000N\000\137\000M\000A\000S\000S}{subsection.2.2.2}% 30
\BOOKMARK [3][-]{subsubsection.2.2.2.3}{\376\377\0002\000.\0002\000.\0002\000.\0003\000\040\000A\000R\000G\000O\000N\000\137\000S\000I\000G\000M\000A}{subsection.2.2.2}% 31
\BOOKMARK [3][-]{subsubsection.2.2.2.4}{\376\377\0002\000.\0002\000.\0002\000.\0004\000\040\000C\000O\000N\000S\000T\000A\000N\000T\000S\000\137\000H}{subsection.2.2.2}% 32
\BOOKMARK [3][-]{subsubsection.2.2.2.5}{\376\377\0002\000.\0002\000.\0002\000.\0005\000\040\000P\000I}{subsection.2.2.2}% 33
\BOOKMARK [3][-]{subsubsection.2.2.2.6}{\376\377\0002\000.\0002\000.\0002\000.\0006\000\040\000R}{subsection.2.2.2}% 34
\BOOKMARK [2][-]{subsection.2.2.3}{\376\377\0002\000.\0002\000.\0003\000\040\000F\000u\000n\000c\000t\000i\000o\000n\000\040\000D\000o\000c\000u\000m\000e\000n\000t\000a\000t\000i\000o\000n}{section.2.2}% 35
\BOOKMARK [3][-]{subsubsection.2.2.3.1}{\376\377\0002\000.\0002\000.\0003\000.\0001\000\040\000a\000l\000l\000o\000c\000a\000t\000e\000\137\0002\000d\000\137\000a\000r\000r\000a\000y\000\050\000\051}{subsection.2.2.3}% 36
\BOOKMARK [3][-]{subsubsection.2.2.3.2}{\376\377\0002\000.\0002\000.\0003\000.\0002\000\040\000c\000a\000l\000c\000u\000l\000a\000t\000e\000\137\000a\000c\000c\000e\000l\000e\000r\000a\000t\000i\000o\000n\000s\000\050\000\051}{subsection.2.2.3}% 37
\BOOKMARK [3][-]{subsubsection.2.2.3.3}{\376\377\0002\000.\0002\000.\0003\000.\0003\000\040\000c\000a\000l\000c\000u\000l\000a\000t\000e\000\137\000d\000i\000s\000t\000a\000n\000c\000e\000s\000\050\000\051}{subsection.2.2.3}% 38
\BOOKMARK [3][-]{subsubsection.2.2.3.4}{\376\377\0002\000.\0002\000.\0003\000.\0004\000\040\000c\000a\000l\000c\000u\000l\000a\000t\000e\000\137\000k\000i\000n\000e\000t\000i\000c\000\137\000e\000n\000e\000r\000g\000y\000\050\000\051}{subsection.2.2.3}% 39
\BOOKMARK [3][-]{subsubsection.2.2.3.5}{\376\377\0002\000.\0002\000.\0003\000.\0005\000\040\000c\000a\000l\000c\000u\000l\000a\000t\000e\000\137\000p\000o\000t\000e\000n\000t\000i\000a\000l\000\137\000e\000n\000e\000r\000g\000y\000\050\000\051}{subsection.2.2.3}% 40
\BOOKMARK [3][-]{subsubsection.2.2.3.6}{\376\377\0002\000.\0002\000.\0003\000.\0006\000\040\000c\000a\000l\000c\000u\000l\000a\000t\000e\000\137\000t\000o\000t\000a\000l\000\137\000e\000n\000e\000r\000g\000y\000\050\000\051}{subsection.2.2.3}% 41
\BOOKMARK [3][-]{subsubsection.2.2.3.7}{\376\377\0002\000.\0002\000.\0003\000.\0007\000\040\000c\000h\000e\000c\000k\000\137\000e\000n\000e\000r\000g\000y\000\050\000\051}{subsection.2.2.3}% 42
\BOOKMARK [3][-]{subsubsection.2.2.3.8}{\376\377\0002\000.\0002\000.\0003\000.\0008\000\040\000f\000r\000e\000e\000\137\0002\000d\000\137\000a\000r\000r\000a\000y\000\050\000\051}{subsection.2.2.3}% 43
\BOOKMARK [3][-]{subsubsection.2.2.3.9}{\376\377\0002\000.\0002\000.\0003\000.\0009\000\040\000i\000n\000i\000t\000i\000a\000l\000i\000z\000e\000\137\000v\000e\000l\000o\000c\000i\000t\000i\000e\000s\000\050\000\051}{subsection.2.2.3}% 44
\BOOKMARK [3][-]{subsubsection.2.2.3.10}{\376\377\0002\000.\0002\000.\0003\000.\0001\0000\000\040\000o\000p\000e\000n\000\137\000o\000u\000t\000p\000u\000t\000\050\000\051}{subsection.2.2.3}% 45
\BOOKMARK [3][-]{subsubsection.2.2.3.11}{\376\377\0002\000.\0002\000.\0003\000.\0001\0001\000\040\000p\000r\000i\000n\000t\000\137\000o\000u\000t\000p\000u\000t\000\050\000\051}{subsection.2.2.3}% 46
\BOOKMARK [3][-]{subsubsection.2.2.3.12}{\376\377\0002\000.\0002\000.\0003\000.\0001\0002\000\040\000r\000e\000a\000d\000\137\000c\000o\000o\000r\000d\000s\000\137\000a\000n\000d\000\137\000m\000a\000s\000s\000e\000s\000\050\000\051}{subsection.2.2.3}% 47
\BOOKMARK [3][-]{subsubsection.2.2.3.13}{\376\377\0002\000.\0002\000.\0003\000.\0001\0003\000\040\000r\000e\000a\000d\000\137\000n\000a\000t\000o\000m\000s\000\050\000\051}{subsection.2.2.3}% 48
\BOOKMARK [3][-]{subsubsection.2.2.3.14}{\376\377\0002\000.\0002\000.\0003\000.\0001\0004\000\040\000t\000h\000e\000r\000m\000o\000s\000t\000a\000t\000\050\000\051}{subsection.2.2.3}% 49
\BOOKMARK [3][-]{subsubsection.2.2.3.15}{\376\377\0002\000.\0002\000.\0003\000.\0001\0005\000\040\000u\000p\000d\000a\000t\000e\000\137\000p\000o\000s\000i\000t\000i\000o\000n\000s\000\050\000\051}{subsection.2.2.3}% 50
\BOOKMARK [3][-]{subsubsection.2.2.3.16}{\376\377\0002\000.\0002\000.\0003\000.\0001\0006\000\040\000u\000p\000d\000a\000t\000e\000\137\000v\000e\000l\000o\000c\000i\000t\000i\000e\000s\000\050\000\051}{subsection.2.2.3}% 51
\BOOKMARK [3][-]{subsubsection.2.2.3.17}{\376\377\0002\000.\0002\000.\0003\000.\0001\0007\000\040\000v\000a\000l\000i\000d\000a\000t\000e\000\137\000a\000t\000o\000m\000s\000\050\000\051}{subsection.2.2.3}% 52
\BOOKMARK [1][-]{section.2.3}{\376\377\0002\000.\0003\000\040\000h\000e\000a\000d\000e\000r\000s\000.\000h}{chapter.2}% 53
\BOOKMARK [1][-]{section.2.4}{\376\377\0002\000.\0004\000\040\000m\000a\000i\000n\000.\000c\000\040\000F\000i\000l\000e\000\040\000R\000e\000f\000e\000r\000e\000n\000c\000e}{chapter.2}% 54
\BOOKMARK [2][-]{subsection.2.4.1}{\376\377\0002\000.\0004\000.\0001\000\040\000D\000e\000t\000a\000i\000l\000e\000d\000\040\000D\000e\000s\000c\000r\000i\000p\000t\000i\000o\000n}{section.2.4}% 55
\BOOKMARK [2][-]{subsection.2.4.2}{\376\377\0002\000.\0004\000.\0002\000\040\000F\000u\000n\000c\000t\000i\000o\000n\000\040\000D\000o\000c\000u\000m\000e\000n\000t\000a\000t\000i\000o\000n}{section.2.4}% 56
\BOOKMARK [3][-]{subsubsection.2.4.2.1}{\376\377\0002\000.\0004\000.\0002\000.\0001\000\040\000m\000a\000i\000n\000\050\000\051}{subsection.2.4.2}% 57
\BOOKMARK [2][-]{subsection.2.4.3}{\376\377\0002\000.\0004\000.\0003\000\040\000V\000a\000r\000i\000a\000b\000l\000e\000s}{section.2.4}% 58
\BOOKMARK [0][-]{section*.8}{\376\377\000I\000n\000d\000e\000x}{}% 59
