\BOOKMARK [0][-]{chapter.1}{\376\377\0001\000\040\000F\000i\000l\000e\000\040\000I\000n\000d\000e\000x}{}% 1
\BOOKMARK [1][-]{section.1.1}{\376\377\0001\000.\0001\000\040\000F\000i\000l\000e\000\040\000L\000i\000s\000t}{chapter.1}% 2
\BOOKMARK [0][-]{chapter.2}{\376\377\0002\000\040\000F\000i\000l\000e\000\040\000D\000o\000c\000u\000m\000e\000n\000t\000a\000t\000i\000o\000n}{}% 3
\BOOKMARK [1][-]{section.2.1}{\376\377\0002\000.\0001\000\040\000f\000u\000n\000c\000t\000i\000o\000n\000s\000.\000c\000\040\000F\000i\000l\000e\000\040\000R\000e\000f\000e\000r\000e\000n\000c\000e}{chapter.2}% 4
\BOOKMARK [2][-]{subsection.2.1.1}{\376\377\0002\000.\0001\000.\0001\000\040\000F\000u\000n\000c\000t\000i\000o\000n\000\040\000D\000o\000c\000u\000m\000e\000n\000t\000a\000t\000i\000o\000n}{section.2.1}% 5
\BOOKMARK [3][-]{subsubsection.2.1.1.1}{\376\377\0002\000.\0001\000.\0001\000.\0001\000\040\000a\000l\000l\000o\000c\000a\000t\000e\000\137\0002\000d\000\137\000a\000r\000r\000a\000y\000\050\000\051}{subsection.2.1.1}% 6
\BOOKMARK [3][-]{subsubsection.2.1.1.2}{\376\377\0002\000.\0001\000.\0001\000.\0002\000\040\000c\000a\000l\000c\000u\000l\000a\000t\000e\000\137\000a\000c\000c\000e\000l\000e\000r\000a\000t\000i\000o\000n\000s\000\050\000\051}{subsection.2.1.1}% 7
\BOOKMARK [3][-]{subsubsection.2.1.1.3}{\376\377\0002\000.\0001\000.\0001\000.\0003\000\040\000c\000a\000l\000c\000u\000l\000a\000t\000e\000\137\000d\000i\000s\000t\000a\000n\000c\000e\000s\000\050\000\051}{subsection.2.1.1}% 8
\BOOKMARK [3][-]{subsubsection.2.1.1.4}{\376\377\0002\000.\0001\000.\0001\000.\0004\000\040\000c\000a\000l\000c\000u\000l\000a\000t\000e\000\137\000k\000i\000n\000e\000t\000i\000c\000\137\000e\000n\000e\000r\000g\000y\000\050\000\051}{subsection.2.1.1}% 9
\BOOKMARK [3][-]{subsubsection.2.1.1.5}{\376\377\0002\000.\0001\000.\0001\000.\0005\000\040\000c\000a\000l\000c\000u\000l\000a\000t\000e\000\137\000p\000o\000t\000e\000n\000t\000i\000a\000l\000\137\000e\000n\000e\000r\000g\000y\000\050\000\051}{subsection.2.1.1}% 10
\BOOKMARK [3][-]{subsubsection.2.1.1.6}{\376\377\0002\000.\0001\000.\0001\000.\0006\000\040\000c\000a\000l\000c\000u\000l\000a\000t\000e\000\137\000t\000o\000t\000a\000l\000\137\000e\000n\000e\000r\000g\000y\000\050\000\051}{subsection.2.1.1}% 11
\BOOKMARK [3][-]{subsubsection.2.1.1.7}{\376\377\0002\000.\0001\000.\0001\000.\0007\000\040\000c\000h\000e\000c\000k\000\137\000e\000n\000e\000r\000g\000y\000\050\000\051}{subsection.2.1.1}% 12
\BOOKMARK [3][-]{subsubsection.2.1.1.8}{\376\377\0002\000.\0001\000.\0001\000.\0008\000\040\000f\000r\000e\000e\000\137\0002\000d\000\137\000a\000r\000r\000a\000y\000\050\000\051}{subsection.2.1.1}% 13
\BOOKMARK [3][-]{subsubsection.2.1.1.9}{\376\377\0002\000.\0001\000.\0001\000.\0009\000\040\000o\000p\000e\000n\000\137\000o\000u\000t\000p\000u\000t\000\050\000\051}{subsection.2.1.1}% 14
\BOOKMARK [3][-]{subsubsection.2.1.1.10}{\376\377\0002\000.\0001\000.\0001\000.\0001\0000\000\040\000p\000r\000i\000n\000t\000\137\000o\000u\000t\000p\000u\000t\000\050\000\051}{subsection.2.1.1}% 15
\BOOKMARK [3][-]{subsubsection.2.1.1.11}{\376\377\0002\000.\0001\000.\0001\000.\0001\0001\000\040\000r\000e\000a\000d\000\137\000c\000o\000o\000r\000d\000s\000\137\000a\000n\000d\000\137\000m\000a\000s\000s\000e\000s\000\050\000\051}{subsection.2.1.1}% 16
\BOOKMARK [3][-]{subsubsection.2.1.1.12}{\376\377\0002\000.\0001\000.\0001\000.\0001\0002\000\040\000r\000e\000a\000d\000\137\000n\000a\000t\000o\000m\000s\000\050\000\051}{subsection.2.1.1}% 17
\BOOKMARK [3][-]{subsubsection.2.1.1.13}{\376\377\0002\000.\0001\000.\0001\000.\0001\0003\000\040\000u\000p\000d\000a\000t\000e\000\137\000p\000o\000s\000i\000t\000i\000o\000n\000s\000\050\000\051}{subsection.2.1.1}% 18
\BOOKMARK [3][-]{subsubsection.2.1.1.14}{\376\377\0002\000.\0001\000.\0001\000.\0001\0004\000\040\000u\000p\000d\000a\000t\000e\000\137\000v\000e\000l\000o\000c\000i\000t\000i\000e\000s\000\050\000\051}{subsection.2.1.1}% 19
\BOOKMARK [3][-]{subsubsection.2.1.1.15}{\376\377\0002\000.\0001\000.\0001\000.\0001\0005\000\040\000v\000a\000l\000i\000d\000a\000t\000e\000\137\000a\000t\000o\000m\000s\000\050\000\051}{subsection.2.1.1}% 20
\BOOKMARK [1][-]{section.2.2}{\376\377\0002\000.\0002\000\040\000h\000e\000a\000d\000e\000r\000s\000.\000h\000\040\000F\000i\000l\000e\000\040\000R\000e\000f\000e\000r\000e\000n\000c\000e}{chapter.2}% 21
\BOOKMARK [2][-]{subsection.2.2.1}{\376\377\0002\000.\0002\000.\0001\000\040\000M\000a\000c\000r\000o\000\040\000D\000e\000f\000i\000n\000i\000t\000i\000o\000n\000\040\000D\000o\000c\000u\000m\000e\000n\000t\000a\000t\000i\000o\000n}{section.2.2}% 22
\BOOKMARK [3][-]{subsubsection.2.2.1.1}{\376\377\0002\000.\0002\000.\0001\000.\0001\000\040\000A\000R\000G\000O\000N\000\137\000E\000P\000S\000I\000L\000O\000N}{subsection.2.2.1}% 23
\BOOKMARK [3][-]{subsubsection.2.2.1.2}{\376\377\0002\000.\0002\000.\0001\000.\0002\000\040\000A\000R\000G\000O\000N\000\137\000M\000A\000S\000S}{subsection.2.2.1}% 24
\BOOKMARK [3][-]{subsubsection.2.2.1.3}{\376\377\0002\000.\0002\000.\0001\000.\0003\000\040\000A\000R\000G\000O\000N\000\137\000S\000I\000G\000M\000A}{subsection.2.2.1}% 25
\BOOKMARK [3][-]{subsubsection.2.2.1.4}{\376\377\0002\000.\0002\000.\0001\000.\0004\000\040\000C\000O\000N\000S\000T\000A\000N\000T\000S\000\137\000H}{subsection.2.2.1}% 26
\BOOKMARK [2][-]{subsection.2.2.2}{\376\377\0002\000.\0002\000.\0002\000\040\000F\000u\000n\000c\000t\000i\000o\000n\000\040\000D\000o\000c\000u\000m\000e\000n\000t\000a\000t\000i\000o\000n}{section.2.2}% 27
\BOOKMARK [3][-]{subsubsection.2.2.2.1}{\376\377\0002\000.\0002\000.\0002\000.\0001\000\040\000a\000l\000l\000o\000c\000a\000t\000e\000\137\0002\000d\000\137\000a\000r\000r\000a\000y\000\050\000\051}{subsection.2.2.2}% 28
\BOOKMARK [3][-]{subsubsection.2.2.2.2}{\376\377\0002\000.\0002\000.\0002\000.\0002\000\040\000c\000a\000l\000c\000u\000l\000a\000t\000e\000\137\000a\000c\000c\000e\000l\000e\000r\000a\000t\000i\000o\000n\000s\000\050\000\051}{subsection.2.2.2}% 29
\BOOKMARK [3][-]{subsubsection.2.2.2.3}{\376\377\0002\000.\0002\000.\0002\000.\0003\000\040\000c\000a\000l\000c\000u\000l\000a\000t\000e\000\137\000d\000i\000s\000t\000a\000n\000c\000e\000s\000\050\000\051}{subsection.2.2.2}% 30
\BOOKMARK [3][-]{subsubsection.2.2.2.4}{\376\377\0002\000.\0002\000.\0002\000.\0004\000\040\000c\000a\000l\000c\000u\000l\000a\000t\000e\000\137\000k\000i\000n\000e\000t\000i\000c\000\137\000e\000n\000e\000r\000g\000y\000\050\000\051}{subsection.2.2.2}% 31
\BOOKMARK [3][-]{subsubsection.2.2.2.5}{\376\377\0002\000.\0002\000.\0002\000.\0005\000\040\000c\000a\000l\000c\000u\000l\000a\000t\000e\000\137\000p\000o\000t\000e\000n\000t\000i\000a\000l\000\137\000e\000n\000e\000r\000g\000y\000\050\000\051}{subsection.2.2.2}% 32
\BOOKMARK [3][-]{subsubsection.2.2.2.6}{\376\377\0002\000.\0002\000.\0002\000.\0006\000\040\000c\000a\000l\000c\000u\000l\000a\000t\000e\000\137\000t\000o\000t\000a\000l\000\137\000e\000n\000e\000r\000g\000y\000\050\000\051}{subsection.2.2.2}% 33
\BOOKMARK [3][-]{subsubsection.2.2.2.7}{\376\377\0002\000.\0002\000.\0002\000.\0007\000\040\000c\000h\000e\000c\000k\000\137\000e\000n\000e\000r\000g\000y\000\050\000\051}{subsection.2.2.2}% 34
\BOOKMARK [3][-]{subsubsection.2.2.2.8}{\376\377\0002\000.\0002\000.\0002\000.\0008\000\040\000f\000r\000e\000e\000\137\0002\000d\000\137\000a\000r\000r\000a\000y\000\050\000\051}{subsection.2.2.2}% 35
\BOOKMARK [3][-]{subsubsection.2.2.2.9}{\376\377\0002\000.\0002\000.\0002\000.\0009\000\040\000o\000p\000e\000n\000\137\000o\000u\000t\000p\000u\000t\000\050\000\051}{subsection.2.2.2}% 36
\BOOKMARK [3][-]{subsubsection.2.2.2.10}{\376\377\0002\000.\0002\000.\0002\000.\0001\0000\000\040\000p\000r\000i\000n\000t\000\137\000o\000u\000t\000p\000u\000t\000\050\000\051}{subsection.2.2.2}% 37
\BOOKMARK [3][-]{subsubsection.2.2.2.11}{\376\377\0002\000.\0002\000.\0002\000.\0001\0001\000\040\000r\000e\000a\000d\000\137\000c\000o\000o\000r\000d\000s\000\137\000a\000n\000d\000\137\000m\000a\000s\000s\000e\000s\000\050\000\051}{subsection.2.2.2}% 38
\BOOKMARK [3][-]{subsubsection.2.2.2.12}{\376\377\0002\000.\0002\000.\0002\000.\0001\0002\000\040\000r\000e\000a\000d\000\137\000n\000a\000t\000o\000m\000s\000\050\000\051}{subsection.2.2.2}% 39
\BOOKMARK [3][-]{subsubsection.2.2.2.13}{\376\377\0002\000.\0002\000.\0002\000.\0001\0003\000\040\000u\000p\000d\000a\000t\000e\000\137\000p\000o\000s\000i\000t\000i\000o\000n\000s\000\050\000\051}{subsection.2.2.2}% 40
\BOOKMARK [3][-]{subsubsection.2.2.2.14}{\376\377\0002\000.\0002\000.\0002\000.\0001\0004\000\040\000u\000p\000d\000a\000t\000e\000\137\000v\000e\000l\000o\000c\000i\000t\000i\000e\000s\000\050\000\051}{subsection.2.2.2}% 41
\BOOKMARK [3][-]{subsubsection.2.2.2.15}{\376\377\0002\000.\0002\000.\0002\000.\0001\0005\000\040\000v\000a\000l\000i\000d\000a\000t\000e\000\137\000a\000t\000o\000m\000s\000\050\000\051}{subsection.2.2.2}% 42
\BOOKMARK [1][-]{section.2.3}{\376\377\0002\000.\0003\000\040\000h\000e\000a\000d\000e\000r\000s\000.\000h}{chapter.2}% 43
\BOOKMARK [1][-]{section.2.4}{\376\377\0002\000.\0004\000\040\000m\000a\000i\000n\000.\000c\000\040\000F\000i\000l\000e\000\040\000R\000e\000f\000e\000r\000e\000n\000c\000e}{chapter.2}% 44
\BOOKMARK [2][-]{subsection.2.4.1}{\376\377\0002\000.\0004\000.\0001\000\040\000F\000u\000n\000c\000t\000i\000o\000n\000\040\000D\000o\000c\000u\000m\000e\000n\000t\000a\000t\000i\000o\000n}{section.2.4}% 45
\BOOKMARK [3][-]{subsubsection.2.4.1.1}{\376\377\0002\000.\0004\000.\0001\000.\0001\000\040\000m\000a\000i\000n\000\050\000\051}{subsection.2.4.1}% 46
\BOOKMARK [0][-]{section*.8}{\376\377\000I\000n\000d\000e\000x}{}% 47
